apps/mobile/app/build/intermediates/manifest_merge_blame_file/debug/processDebugMainManifest/manifest-merger-blame-debug-report.txt
1<?xml version="1.0" encoding="utf-8"?>
2<manifest xmlns:android="http://schemas.android.com/apk/res/android"
3    package="com.thepizzabox"
4    android:versionCode="1"
5    android:versionName="1.0" >
6
7    <uses-sdk
8        android:minSdkVersion="26"
9        android:targetSdkVersion="34" />
10
11    <uses-permission android:name="android.permission.INTERNET" />
11-->src/main/AndroidManifest.xml:5:5-67
11-->src/main/AndroidManifest.xml:5:22-64
12    <uses-permission android:name="android.permission.ACCESS_NETWORK_STATE" />
12-->src/main/AndroidManifest.xml:6:5-79
12-->src/main/AndroidManifest.xml:6:22-76
13
14    <queries>
14-->[com.razorpay:checkout:1.6.33] AndroidManifest.xml:10:5-39:15
15        <intent>
15-->[com.razorpay:checkout:1.6.33] AndroidManifest.xml:11:9-17:18
16            <action android:name="android.intent.action.VIEW" />
16-->[com.razorpay:checkout:1.6.33] AndroidManifest.xml:12:13-65
16-->[com.razorpay:checkout:1.6.33] AndroidManifest.xml:12:21-62
17
18            <data
18-->[com.razorpay:checkout:1.6.33] AndroidManifest.xml:14:13-16:38
19                android:mimeType="*/*"
19-->[com.razorpay:checkout:1.6.33] AndroidManifest.xml:15:17-39
20                android:scheme="*" />
20-->[com.razorpay:checkout:1.6.33] AndroidManifest.xml:16:17-35
21        </intent>
22        <intent>
22-->[com.razorpay:checkout:1.6.33] AndroidManifest.xml:18:9-27:18
23            <action android:name="android.intent.action.VIEW" />
23-->[com.razorpay:checkout:1.6.33] AndroidManifest.xml:12:13-65
23-->[com.razorpay:checkout:1.6.33] AndroidManifest.xml:12:21-62
24
25            <category android:name="android.intent.category.BROWSABLE" />
25-->[com.razorpay:checkout:1.6.33] AndroidManifest.xml:21:13-74
25-->[com.razorpay:checkout:1.6.33] AndroidManifest.xml:21:23-71
26
27            <data
27-->[com.razorpay:checkout:1.6.33] AndroidManifest.xml:14:13-16:38
28                android:host="pay"
29                android:mimeType="*/*"
29-->[com.razorpay:checkout:1.6.33] AndroidManifest.xml:15:17-39
30                android:scheme="upi" />
30-->[com.razorpay:checkout:1.6.33] AndroidManifest.xml:16:17-35
31        </intent>
32        <intent>
32-->[com.razorpay:checkout:1.6.33] AndroidManifest.xml:28:9-30:18
33            <action android:name="android.intent.action.MAIN" />
33-->src/main/AndroidManifest.xml:26:17-69
33-->src/main/AndroidManifest.xml:26:25-66
34        </intent>
35        <intent>
35-->[com.razorpay:checkout:1.6.33] AndroidManifest.xml:31:9-35:18
36            <action android:name="android.intent.action.SEND" />
36-->[com.razorpay:checkout:1.6.33] AndroidManifest.xml:32:13-65
36-->[com.razorpay:checkout:1.6.33] AndroidManifest.xml:32:21-62
37
38            <data android:mimeType="*/*" />
38-->[com.razorpay:checkout:1.6.33] AndroidManifest.xml:14:13-16:38
38-->[com.razorpay:checkout:1.6.33] AndroidManifest.xml:15:17-39
39        </intent>
40        <intent>
40-->[com.razorpay:checkout:1.6.33] AndroidManifest.xml:36:9-38:18
41            <action android:name="rzp.device_token.share" />
41-->[com.razorpay:checkout:1.6.33] AndroidManifest.xml:37:13-61
41-->[com.razorpay:checkout:1.6.33] AndroidManifest.xml:37:21-58
42        </intent>
43    </queries>
44
45    <uses-feature
45-->[com.google.android.gms:play-services-maps:17.0.0] AndroidManifest.xml:26:5-28:35
46        android:glEsVersion="0x00020000"
46-->[com.google.android.gms:play-services-maps:17.0.0] AndroidManifest.xml:27:9-41
47        android:required="true" />
47-->[com.google.android.gms:play-services-maps:17.0.0] AndroidManifest.xml:28:9-32
48
49    <permission
49-->[androidx.core:core:1.12.0] AndroidManifest.xml:22:5-24:47
50        android:name="com.thepizzabox.DYNAMIC_RECEIVER_NOT_EXPORTED_PERMISSION"
50-->[androidx.core:core:1.12.0] AndroidManifest.xml:23:9-81
51        android:protectionLevel="signature" />
51-->[androidx.core:core:1.12.0] AndroidManifest.xml:24:9-44
52
53    <uses-permission android:name="com.thepizzabox.DYNAMIC_RECEIVER_NOT_EXPORTED_PERMISSION" />
53-->[androidx.core:core:1.12.0] AndroidManifest.xml:26:5-97
53-->[androidx.core:core:1.12.0] AndroidManifest.xml:26:22-94
54
55    <application
55-->src/main/AndroidManifest.xml:8:5-31:19
56        android:name="com.thepizzabox.ThePizzaBoxApp"
56-->src/main/AndroidManifest.xml:9:9-39
57        android:allowBackup="true"
57-->src/main/AndroidManifest.xml:10:9-35
58        android:appComponentFactory="androidx.core.app.CoreComponentFactory"
58-->[androidx.core:core:1.12.0] AndroidManifest.xml:28:18-86
59        android:dataExtractionRules="@xml/data_extraction_rules"
59-->src/main/AndroidManifest.xml:11:9-65
60        android:debuggable="true"
61        android:extractNativeLibs="false"
62        android:fullBackupContent="@xml/backup_rules"
62-->src/main/AndroidManifest.xml:12:9-54
63        android:icon="@mipmap/ic_launcher"
63-->src/main/AndroidManifest.xml:13:9-43
64        android:label="@string/app_name"
64-->src/main/AndroidManifest.xml:14:9-41
65        android:roundIcon="@mipmap/ic_launcher_round"
65-->src/main/AndroidManifest.xml:15:9-54
66        android:supportsRtl="true"
66-->src/main/AndroidManifest.xml:16:9-35
67        android:testOnly="true"
68        android:theme="@style/Theme.ThePizzaBox"
68-->src/main/AndroidManifest.xml:17:9-49
69        android:usesCleartextTraffic="true" >
69-->src/main/AndroidManifest.xml:18:9-44
70        <activity
70-->src/main/AndroidManifest.xml:20:9-30:20
71            android:name="com.thepizzabox.MainActivity"
71-->src/main/AndroidManifest.xml:21:13-41
72            android:exported="true"
72-->src/main/AndroidManifest.xml:22:13-36
73            android:label="@string/app_name"
73-->src/main/AndroidManifest.xml:23:13-45
74            android:theme="@style/Theme.ThePizzaBox" >
74-->src/main/AndroidManifest.xml:24:13-53
75            <intent-filter>
75-->src/main/AndroidManifest.xml:25:13-29:29
76                <action android:name="android.intent.action.MAIN" />
76-->src/main/AndroidManifest.xml:26:17-69
76-->src/main/AndroidManifest.xml:26:25-66
77
78                <category android:name="android.intent.category.LAUNCHER" />
78-->src/main/AndroidManifest.xml:28:17-77
78-->src/main/AndroidManifest.xml:28:27-74
79            </intent-filter>
80        </activity>
81
82        <receiver
82-->[com.razorpay:checkout:1.6.33] AndroidManifest.xml:42:9-49:20
83            android:name="com.razorpay.RzpTokenReceiver"
83-->[com.razorpay:checkout:1.6.33] AndroidManifest.xml:43:13-57
84            android:exported="true" >
84-->[com.razorpay:checkout:1.6.33] AndroidManifest.xml:44:13-36
85            <intent-filter>
85-->[com.razorpay:checkout:1.6.33] AndroidManifest.xml:46:13-48:29
86                <action android:name="rzp.device_token.share" />
86-->[com.razorpay:checkout:1.6.33] AndroidManifest.xml:37:13-61
86-->[com.razorpay:checkout:1.6.33] AndroidManifest.xml:37:21-58
87            </intent-filter>
88        </receiver>
89
90        <activity
90-->[com.razorpay:checkout:1.6.33] AndroidManifest.xml:51:9-59:20
91            android:name="com.razorpay.CheckoutActivity"
91-->[com.razorpay:checkout:1.6.33] AndroidManifest.xml:52:13-57
92            android:configChanges="keyboard|keyboardHidden|orientation|screenSize"
92-->[com.razorpay:checkout:1.6.33] AndroidManifest.xml:53:13-83
93            android:exported="true"
93-->[com.razorpay:checkout:1.6.33] AndroidManifest.xml:54:13-36
94            android:theme="@style/CheckoutTheme" >
94-->[com.razorpay:checkout:1.6.33] AndroidManifest.xml:55:13-49
95            <intent-filter>
95-->[com.razorpay:checkout:1.6.33] AndroidManifest.xml:56:13-58:29
96                <action android:name="android.intent.action.MAIN" />
96-->src/main/AndroidManifest.xml:26:17-69
96-->src/main/AndroidManifest.xml:26:25-66
97            </intent-filter>
98        </activity>
99
100        <meta-data
100-->[com.razorpay:checkout:1.6.33] AndroidManifest.xml:61:9-63:58
101            android:name="com.razorpay.plugin.googlepay_all"
101-->[com.razorpay:checkout:1.6.33] AndroidManifest.xml:62:13-61
102            android:value="com.razorpay.RzpGpayMerged" />
102-->[com.razorpay:checkout:1.6.33] AndroidManifest.xml:63:13-55
103
104        <activity
104-->[com.google.android.gms:play-services-auth:17.0.0] AndroidManifest.xml:23:9-27:75
105            android:name="com.google.android.gms.auth.api.signin.internal.SignInHubActivity"
105-->[com.google.android.gms:play-services-auth:17.0.0] AndroidManifest.xml:24:13-93
106            android:excludeFromRecents="true"
106-->[com.google.android.gms:play-services-auth:17.0.0] AndroidManifest.xml:25:13-46
107            android:exported="false"
107-->[com.google.android.gms:play-services-auth:17.0.0] AndroidManifest.xml:26:13-37
108            android:theme="@android:style/Theme.Translucent.NoTitleBar" />
108-->[com.google.android.gms:play-services-auth:17.0.0] AndroidManifest.xml:27:13-72
109        <!--
110            Service handling Google Sign-In user revocation. For apps that do not integrate with
111            Google Sign-In, this service will never be started.
112        -->
113        <service
113-->[com.google.android.gms:play-services-auth:17.0.0] AndroidManifest.xml:33:9-36:110
114            android:name="com.google.android.gms.auth.api.signin.RevocationBoundService"
114-->[com.google.android.gms:play-services-auth:17.0.0] AndroidManifest.xml:34:13-89
115            android:exported="true"
115-->[com.google.android.gms:play-services-auth:17.0.0] AndroidManifest.xml:35:13-36
116            android:permission="com.google.android.gms.auth.api.signin.permission.REVOCATION_NOTIFICATION" /> <!-- Needs to be explicitly declared on P+ -->
116-->[com.google.android.gms:play-services-auth:17.0.0] AndroidManifest.xml:36:13-107
117        <uses-library
117-->[com.google.android.gms:play-services-maps:17.0.0] AndroidManifest.xml:33:9-35:40
118            android:name="org.apache.http.legacy"
118-->[com.google.android.gms:play-services-maps:17.0.0] AndroidManifest.xml:34:13-50
119            android:required="false" />
119-->[com.google.android.gms:play-services-maps:17.0.0] AndroidManifest.xml:35:13-37
120
121        <activity
121-->[com.google.android.gms:play-services-base:17.5.0] AndroidManifest.xml:23:9-26:75
122            android:name="com.google.android.gms.common.api.GoogleApiActivity"
122-->[com.google.android.gms:play-services-base:17.5.0] AndroidManifest.xml:24:13-79
123            android:exported="false"
123-->[com.google.android.gms:play-services-base:17.5.0] AndroidManifest.xml:25:13-37
124            android:theme="@android:style/Theme.Translucent.NoTitleBar" />
124-->[com.google.android.gms:play-services-base:17.5.0] AndroidManifest.xml:26:13-72
125
126        <meta-data
126-->[com.google.android.gms:play-services-basement:17.6.0] AndroidManifest.xml:23:9-25:69
127            android:name="com.google.android.gms.version"
127-->[com.google.android.gms:play-services-basement:17.6.0] AndroidManifest.xml:24:13-58
128            android:value="@integer/google_play_services_version" />
128-->[com.google.android.gms:play-services-basement:17.6.0] AndroidManifest.xml:25:13-66
129
130        <activity
130-->[androidx.compose.ui:ui-test-manifest:1.5.4] AndroidManifest.xml:23:9-25:39
131            android:name="androidx.activity.ComponentActivity"
131-->[androidx.compose.ui:ui-test-manifest:1.5.4] AndroidManifest.xml:24:13-63
132            android:exported="true" />
132-->[androidx.compose.ui:ui-test-manifest:1.5.4] AndroidManifest.xml:25:13-36
133
134        <provider
134-->[androidx.emoji2:emoji2:1.4.0] AndroidManifest.xml:24:9-32:20
135            android:name="androidx.startup.InitializationProvider"
135-->[androidx.emoji2:emoji2:1.4.0] AndroidManifest.xml:25:13-67
136            android:authorities="com.thepizzabox.androidx-startup"
136-->[androidx.emoji2:emoji2:1.4.0] AndroidManifest.xml:26:13-68
137            android:exported="false" >
137-->[androidx.emoji2:emoji2:1.4.0] AndroidManifest.xml:27:13-37
138            <meta-data
138-->[androidx.emoji2:emoji2:1.4.0] AndroidManifest.xml:29:13-31:52
139                android:name="androidx.emoji2.text.EmojiCompatInitializer"
139-->[androidx.emoji2:emoji2:1.4.0] AndroidManifest.xml:30:17-75
140                android:value="androidx.startup" />
140-->[androidx.emoji2:emoji2:1.4.0] AndroidManifest.xml:31:17-49
141            <meta-data
141-->[androidx.lifecycle:lifecycle-process:2.6.2] AndroidManifest.xml:29:13-31:52
142                android:name="androidx.lifecycle.ProcessLifecycleInitializer"
142-->[androidx.lifecycle:lifecycle-process:2.6.2] AndroidManifest.xml:30:17-78
143                android:value="androidx.startup" />
143-->[androidx.lifecycle:lifecycle-process:2.6.2] AndroidManifest.xml:31:17-49
144            <meta-data
144-->[androidx.profileinstaller:profileinstaller:1.3.1] AndroidManifest.xml:29:13-31:52
145                android:name="androidx.profileinstaller.ProfileInstallerInitializer"
145-->[androidx.profileinstaller:profileinstaller:1.3.1] AndroidManifest.xml:30:17-85
146                android:value="androidx.startup" />
146-->[androidx.profileinstaller:profileinstaller:1.3.1] AndroidManifest.xml:31:17-49
147        </provider>
148
149        <activity
149-->[androidx.compose.ui:ui-tooling-android:1.5.4] AndroidManifest.xml:23:9-25:39
150            android:name="androidx.compose.ui.tooling.PreviewActivity"
150-->[androidx.compose.ui:ui-tooling-android:1.5.4] AndroidManifest.xml:24:13-71
151            android:exported="true" />
151-->[androidx.compose.ui:ui-tooling-android:1.5.4] AndroidManifest.xml:25:13-36
152
153        <service
153-->[androidx.room:room-runtime:2.6.1] AndroidManifest.xml:24:9-28:63
154            android:name="androidx.room.MultiInstanceInvalidationService"
154-->[androidx.room:room-runtime:2.6.1] AndroidManifest.xml:25:13-74
155            android:directBootAware="true"
155-->[androidx.room:room-runtime:2.6.1] AndroidManifest.xml:26:13-43
156            android:exported="false" />
156-->[androidx.room:room-runtime:2.6.1] AndroidManifest.xml:27:13-37
157
158        <receiver
158-->[androidx.profileinstaller:profileinstaller:1.3.1] AndroidManifest.xml:34:9-52:20
159            android:name="androidx.profileinstaller.ProfileInstallReceiver"
159-->[androidx.profileinstaller:profileinstaller:1.3.1] AndroidManifest.xml:35:13-76
160            android:directBootAware="false"
160-->[androidx.profileinstaller:profileinstaller:1.3.1] AndroidManifest.xml:36:13-44
161            android:enabled="true"
161-->[androidx.profileinstaller:profileinstaller:1.3.1] AndroidManifest.xml:37:13-35
162            android:exported="true"
162-->[androidx.profileinstaller:profileinstaller:1.3.1] AndroidManifest.xml:38:13-36
163            android:permission="android.permission.DUMP" >
163-->[androidx.profileinstaller:profileinstaller:1.3.1] AndroidManifest.xml:39:13-57
164            <intent-filter>
164-->[androidx.profileinstaller:profileinstaller:1.3.1] AndroidManifest.xml:40:13-42:29
165                <action android:name="androidx.profileinstaller.action.INSTALL_PROFILE" />
165-->[androidx.profileinstaller:profileinstaller:1.3.1] AndroidManifest.xml:41:17-91
165-->[androidx.profileinstaller:profileinstaller:1.3.1] AndroidManifest.xml:41:25-88
166            </intent-filter>
167            <intent-filter>
167-->[androidx.profileinstaller:profileinstaller:1.3.1] AndroidManifest.xml:43:13-45:29
168                <action android:name="androidx.profileinstaller.action.SKIP_FILE" />
168-->[androidx.profileinstaller:profileinstaller:1.3.1] AndroidManifest.xml:44:17-85
168-->[androidx.profileinstaller:profileinstaller:1.3.1] AndroidManifest.xml:44:25-82
169            </intent-filter>
170            <intent-filter>
170-->[androidx.profileinstaller:profileinstaller:1.3.1] AndroidManifest.xml:46:13-48:29
171                <action android:name="androidx.profileinstaller.action.SAVE_PROFILE" />
171-->[androidx.profileinstaller:profileinstaller:1.3.1] AndroidManifest.xml:47:17-88
171-->[androidx.profileinstaller:profileinstaller:1.3.1] AndroidManifest.xml:47:25-85
172            </intent-filter>
173            <intent-filter>
173-->[androidx.profileinstaller:profileinstaller:1.3.1] AndroidManifest.xml:49:13-51:29
174                <action android:name="androidx.profileinstaller.action.BENCHMARK_OPERATION" />
174-->[androidx.profileinstaller:profileinstaller:1.3.1] AndroidManifest.xml:50:17-95
174-->[androidx.profileinstaller:profileinstaller:1.3.1] AndroidManifest.xml:50:25-92
175            </intent-filter>
176        </receiver>
177    </application>
178
179</manifest>